<?xml version="1.0" encoding="UTF-8"?>
<!-- Generated by org.testng.reporters.JUnitXMLReporter -->
<testsuite ignored="0" hostname="DESKTOP-0BQRKT0" failures="0" tests="4" name="BankingApp Test" time="55.779" errors="0" timestamp="2022-03-19T12:57:56 IST">
  <testcase classname="com.inetbankingv1.testcases.TC_LoginTest_2" name="loginTest" time="13.479"/>
  <testcase classname="com.inetbankingv1.testcases.TC_LoginTest_2" name="loginTest" time="8.33"/>
  <testcase classname="com.inetbankingv1.testcases.TC_LoginTest_2" name="loginTest" time="8.416"/>
  <testcase classname="com.inetbankingv1.testcases.TC_LoginTest_001" name="loginTest" time="7.92"/>
</testsuite> <!-- BankingApp Test -->
